Mar-15 09:21:40.101 [main] DEBUG nextflow.cli.Launcher - $> nextflow run prueba.nf
Mar-15 09:21:40.607 [main] INFO  nextflow.cli.CmdRun - N E X T F L O W  ~  version 19.01.0
Mar-15 09:21:40.731 [main] INFO  nextflow.cli.CmdRun - Launching `prueba.nf` [loving_meitner] - revision: 657ab31485
Mar-15 09:21:40.772 [main] DEBUG nextflow.config.ConfigBuilder - Found config local: /home/pacuci/Desktop/projects/Dominios/nextflow.config
Mar-15 09:21:40.773 [main] DEBUG nextflow.config.ConfigBuilder - Parsing config file: /home/pacuci/Desktop/projects/Dominios/nextflow.config
Mar-15 09:21:40.872 [main] DEBUG nextflow.config.ConfigBuilder - Applying config profile: `standard`
Mar-15 09:21:42.154 [main] DEBUG nextflow.Session - Session uuid: 14051394-f148-4b7c-a461-d1456dca43d4
Mar-15 09:21:42.154 [main] DEBUG nextflow.Session - Run name: loving_meitner
Mar-15 09:21:42.156 [main] DEBUG nextflow.Session - Executor pool size: 4
Mar-15 09:21:42.243 [main] DEBUG nextflow.cli.CmdRun - 
  Version: 19.01.0 build 5050
  Modified: 22-01-2019 11:19 UTC (12:19 CEST)
  System: Linux 4.15.0-43-generic
  Runtime: Groovy 2.5.5 on Java HotSpot(TM) 64-Bit Server VM 1.8.0_201-b09
  Encoding: UTF-8 (UTF-8)
  Process: 4699@pacuci-HP-Laptop-15-bs0xx [127.0.1.1]
  CPUs: 4 - Mem: 11.6 GB (7.8 GB) - Swap: 2 GB (2 GB)
Mar-15 09:21:42.310 [main] DEBUG nextflow.Session - Work-dir: /home/pacuci/Desktop/projects/Dominios/work [ext2/ext3]
Mar-15 09:21:42.311 [main] DEBUG nextflow.Session - Script base path does not exist or is not a directory: /home/pacuci/Desktop/projects/Dominios/bin
Mar-15 09:21:43.315 [main] DEBUG nextflow.Session - Session start invoked
Mar-15 09:21:43.319 [main] DEBUG nextflow.processor.TaskDispatcher - Dispatcher > start
Mar-15 09:21:43.325 [main] DEBUG nextflow.script.ScriptRunner - > Script parsing
Mar-15 09:21:43.713 [main] DEBUG nextflow.script.ScriptRunner - > Launching execution
Mar-15 09:21:43.802 [main] DEBUG nextflow.util.CacheHelper - Config settings `withName:cuatro` matches process cuatro
Mar-15 09:21:43.805 [main] DEBUG nextflow.processor.ProcessFactory - << taskConfig executor: null
Mar-15 09:21:43.805 [main] DEBUG nextflow.processor.ProcessFactory - >> processorType: 'local'
Mar-15 09:21:43.812 [main] DEBUG nextflow.executor.Executor - Initializing executor: local
Mar-15 09:21:43.815 [main] INFO  nextflow.executor.Executor - [warm up] executor > local
Mar-15 09:21:43.819 [main] DEBUG n.processor.LocalPollingMonitor - Creating local task monitor for executor 'local' > cpus=4; memory=11.6 GB; capacity=4; pollInterval=100ms; dumpInterval=5m
Mar-15 09:21:43.848 [main] DEBUG nextflow.processor.TaskDispatcher - Starting monitor: LocalPollingMonitor
Mar-15 09:21:43.848 [main] DEBUG n.processor.TaskPollingMonitor - >>> barrier register (monitor: local)
Mar-15 09:21:43.850 [main] DEBUG nextflow.executor.Executor - Invoke register for executor: local
Mar-15 09:21:43.946 [main] DEBUG nextflow.Session - >>> barrier register (process: cuatro)
Mar-15 09:21:43.950 [main] DEBUG nextflow.processor.TaskProcessor - Creating operator > cuatro -- maxForks: 4
Mar-15 09:21:44.048 [main] DEBUG nextflow.util.CacheHelper - Config settings `withName:cinco` matches process cinco
Mar-15 09:21:44.049 [main] DEBUG nextflow.processor.ProcessFactory - << taskConfig executor: null
Mar-15 09:21:44.049 [main] DEBUG nextflow.processor.ProcessFactory - >> processorType: 'local'
Mar-15 09:21:44.049 [main] DEBUG nextflow.executor.Executor - Initializing executor: local
Mar-15 09:21:44.051 [main] DEBUG nextflow.Session - >>> barrier register (process: cinco)
Mar-15 09:21:44.051 [main] DEBUG nextflow.processor.TaskProcessor - Creating operator > cinco -- maxForks: 4
Mar-15 09:21:44.056 [main] DEBUG nextflow.util.CacheHelper - Config settings `withName:seis` matches process seis
Mar-15 09:21:44.057 [main] DEBUG nextflow.processor.ProcessFactory - << taskConfig executor: null
Mar-15 09:21:44.057 [main] DEBUG nextflow.processor.ProcessFactory - >> processorType: 'local'
Mar-15 09:21:44.057 [main] DEBUG nextflow.executor.Executor - Initializing executor: local
Mar-15 09:21:44.058 [main] DEBUG nextflow.Session - >>> barrier register (process: seis)
Mar-15 09:21:44.059 [main] DEBUG nextflow.processor.TaskProcessor - Creating operator > seis -- maxForks: 4
Mar-15 09:21:44.072 [main] DEBUG nextflow.util.CacheHelper - Config settings `withName:siete` matches process siete
Mar-15 09:21:44.078 [main] DEBUG nextflow.processor.ProcessFactory - << taskConfig executor: null
Mar-15 09:21:44.078 [main] DEBUG nextflow.processor.ProcessFactory - >> processorType: 'local'
Mar-15 09:21:44.078 [main] DEBUG nextflow.executor.Executor - Initializing executor: local
Mar-15 09:21:44.080 [main] DEBUG nextflow.Session - >>> barrier register (process: siete)
Mar-15 09:21:44.080 [main] DEBUG nextflow.processor.TaskProcessor - Creating operator > siete -- maxForks: 4
Mar-15 09:21:44.081 [main] DEBUG nextflow.script.ScriptRunner - > Await termination 
Mar-15 09:21:44.082 [main] DEBUG nextflow.Session - Session await
Mar-15 09:21:44.256 [Actor Thread 12] DEBUG nextflow.util.CacheHelper - Unable to get file attributes file: /home/pacuci/Desktop/projects/Dominios/resultados/cuatro.txt -- Cause: java.nio.file.NoSuchFileException: /home/pacuci/Desktop/projects/Dominios/resultados/cuatro.txt
Mar-15 09:21:44.258 [Actor Thread 10] DEBUG nextflow.util.CacheHelper - Unable to get file attributes file: /home/pacuci/Desktop/projects/Dominios/resultados/cinco.fa -- Cause: java.nio.file.NoSuchFileException: /home/pacuci/Desktop/projects/Dominios/resultados/cinco.fa
Mar-15 09:21:44.260 [Actor Thread 10] DEBUG nextflow.util.CacheHelper - Unable to get file attributes file: /home/pacuci/Desktop/projects/Dominios/resultados/seis.txt -- Cause: java.nio.file.NoSuchFileException: /home/pacuci/Desktop/projects/Dominios/resultados/seis.txt
Mar-15 09:21:44.260 [Actor Thread 10] DEBUG nextflow.util.CacheHelper - Unable to get file attributes file: /home/pacuci/Desktop/projects/Dominios/resultados/siete.txt -- Cause: java.nio.file.NoSuchFileException: /home/pacuci/Desktop/projects/Dominios/resultados/siete.txt
Mar-15 09:21:44.258 [Actor Thread 11] DEBUG nextflow.util.CacheHelper - Unable to get file attributes file: /home/pacuci/Desktop/projects/Dominios/resultados/cinco.fa -- Cause: java.nio.file.NoSuchFileException: /home/pacuci/Desktop/projects/Dominios/resultados/cinco.fa
Mar-15 09:21:44.259 [Actor Thread 9] DEBUG nextflow.util.CacheHelper - Unable to get file attributes file: /home/pacuci/Desktop/projects/Dominios/resultados/cinco.fa -- Cause: java.nio.file.NoSuchFileException: /home/pacuci/Desktop/projects/Dominios/resultados/cinco.fa
Mar-15 09:21:44.263 [Actor Thread 9] DEBUG nextflow.util.CacheHelper - Unable to get file attributes file: /home/pacuci/Desktop/projects/Dominios/resultados/seis.hmm -- Cause: java.nio.file.NoSuchFileException: /home/pacuci/Desktop/projects/Dominios/resultados/seis.hmm
Mar-15 09:21:44.263 [Actor Thread 9] DEBUG nextflow.util.CacheHelper - Unable to get file attributes file: /home/pacuci/Desktop/projects/Dominios/resultados/seis.txt -- Cause: java.nio.file.NoSuchFileException: /home/pacuci/Desktop/projects/Dominios/resultados/seis.txt
Mar-15 09:21:44.387 [Task submitter] DEBUG nextflow.executor.LocalTaskHandler - Launch cmd line: /bin/bash -ue .command.run
Mar-15 09:21:44.405 [Task submitter] INFO  nextflow.Session - [9d/8d416a] Submitted process > siete
Mar-15 09:21:44.420 [Task submitter] DEBUG nextflow.executor.LocalTaskHandler - Launch cmd line: /bin/bash -ue .command.run
Mar-15 09:21:44.425 [Task submitter] INFO  nextflow.Session - [d2/e08597] Submitted process > cuatro
Mar-15 09:21:44.429 [Task submitter] DEBUG nextflow.executor.LocalTaskHandler - Launch cmd line: /bin/bash -ue .command.run
Mar-15 09:21:44.440 [Task submitter] INFO  nextflow.Session - [98/51e584] Submitted process > cinco
Mar-15 09:21:44.447 [Task submitter] DEBUG nextflow.executor.LocalTaskHandler - Launch cmd line: /bin/bash -ue .command.run
Mar-15 09:21:44.447 [Task submitter] INFO  nextflow.Session - [ce/b62927] Submitted process > seis
Mar-15 09:22:21.818 [Task monitor] DEBUG n.processor.TaskPollingMonitor - Task completed > TaskHandler[id: 2; name: siete; status: COMPLETED; exit: 1; error: -; workDir: /home/pacuci/Desktop/projects/Dominios/work/9d/8d416a83cc9a671235c0a1b49de7df]
Mar-15 09:22:21.949 [Task monitor] ERROR nextflow.processor.TaskProcessor - Error executing process > 'siete'

Caused by:
  Process `siete` terminated with an error exit status (1)

Command executed:

  python3 Ejercicio7.py cinco.fa uniprot_sprot_mammals.dat.gz seis.txt /home/pacuci/Desktop/projects/Dominios/resultados/siete.txt

Command exit status:
  1

Command output:
  (empty)

Command error:
  Traceback (most recent call last):
    File "Ejercicio7.py", line 125, in <module>
      Ejercicio7(sys.argv[1], sys.argv[2], sys.argv[3], sys.argv[4])
    File "Ejercicio7.py", line 44, in Ejercicio7
      with open(fasta, 'r') as f:  # abrimos fichero input, solo lectura
  FileNotFoundError: [Errno 2] No such file or directory: 'cinco.fa'

Work dir:
  /home/pacuci/Desktop/projects/Dominios/work/9d/8d416a83cc9a671235c0a1b49de7df

Tip: you can try to figure out what's wrong by changing to the process work dir and showing the script file named `.command.sh`
Mar-15 09:22:21.956 [Actor Thread 5] DEBUG nextflow.Session - <<< barrier arrive (process: siete)
Mar-15 09:22:21.972 [Task monitor] DEBUG nextflow.Session - Session aborted -- Cause: Process `siete` terminated with an error exit status (1)
Mar-15 09:22:22.202 [main] DEBUG nextflow.Session - Session await > all process finished
Mar-15 09:22:22.202 [main] DEBUG nextflow.Session - Session await > all barriers passed
Mar-15 09:22:22.212 [main] WARN  n.processor.TaskPollingMonitor - Killing pending tasks (3)
Mar-15 09:22:22.224 [Task monitor] DEBUG n.processor.TaskPollingMonitor - Task completed > TaskHandler[id: 4; name: cuatro; status: COMPLETED; exit: 0; error: -; workDir: /home/pacuci/Desktop/projects/Dominios/work/d2/e0859798055ba3e0d76026053e5401]
Mar-15 09:22:22.320 [main] DEBUG nextflow.executor.LocalTaskHandler - Unable to kill cuatro -- command: kill -TERM 4777; exit: 1 
 bash: line 0: kill: (4777) - No such process

Mar-15 09:22:22.355 [main] DEBUG nextflow.trace.StatsObserver - Workflow completed > WorkflowStats[succeedCount=0; failedCount=4; ignoredCount=0; cachedCount=0; succeedDuration=0ms; failedDuration=1m 15s; cachedDuration=0ms]
Mar-15 09:22:22.362 [Task monitor] DEBUG n.processor.TaskPollingMonitor - <<< barrier arrives (monitor: local)
Mar-15 09:22:22.363 [Actor Thread 13] DEBUG nextflow.Session - <<< barrier arrive (process: cuatro)
Mar-15 09:22:22.475 [main] DEBUG nextflow.CacheDB - Closing CacheDB done
Mar-15 09:22:22.517 [main] DEBUG nextflow.script.ScriptRunner - > Execution complete -- Goodbye
